D:\SKYDRIVE\COURS\GéNIE INFO\PROG\06 07\DUPIAS-FAVRET - JEU VIDEO\DEBUG\DUPIAS-FAVRET - JEU VIDEO.EXE
D:\SKYDRIVE\COURS\GéNIE INFO\PROG\06 07\DUPIAS-FAVRET - JEU VIDEO\DEBUG\DUPIAS-FAVRET - JEU VIDEO.ILK
D:\SKYDRIVE\COURS\GÉNIE INFO\PROG\06 07\DUPIAS-FAVRET - JEU VIDEO\DEBUG\DUPIAS-FAVRET - JEU VIDEO.PDB
D:\SkyDrive\Cours\Génie info\prog\06 07\Dupias-Favret - Jeu video\Dupias-Favret - Jeu video\Debug\cl.command.1.tlog
D:\SkyDrive\Cours\Génie info\prog\06 07\Dupias-Favret - Jeu video\Dupias-Favret - Jeu video\Debug\CL.read.1.tlog
D:\SkyDrive\Cours\Génie info\prog\06 07\Dupias-Favret - Jeu video\Dupias-Favret - Jeu video\Debug\CL.write.1.tlog
D:\SKYDRIVE\COURS\GéNIE INFO\PROG\06 07\DUPIAS-FAVRET - JEU VIDEO\DUPIAS-FAVRET - JEU VIDEO\DEBUG\DUPIAS-FAVRET - JEU VIDEO.EXE.INTERMEDIATE.MANIFEST
D:\SkyDrive\Cours\Génie info\prog\06 07\Dupias-Favret - Jeu video\Dupias-Favret - Jeu video\Debug\fmap.obj
D:\SKYDRIVE\COURS\GéNIE INFO\PROG\06 07\DUPIAS-FAVRET - JEU VIDEO\DUPIAS-FAVRET - JEU VIDEO\DEBUG\GLOBAL.OBJ
D:\SkyDrive\Cours\Génie info\prog\06 07\Dupias-Favret - Jeu video\Dupias-Favret - Jeu video\Debug\link.command.1.tlog
D:\SkyDrive\Cours\Génie info\prog\06 07\Dupias-Favret - Jeu video\Dupias-Favret - Jeu video\Debug\link.read.1.tlog
D:\SkyDrive\Cours\Génie info\prog\06 07\Dupias-Favret - Jeu video\Dupias-Favret - Jeu video\Debug\link.write.1.tlog
D:\SKYDRIVE\COURS\GéNIE INFO\PROG\06 07\DUPIAS-FAVRET - JEU VIDEO\DUPIAS-FAVRET - JEU VIDEO\DEBUG\MAIN.OBJ
D:\SKYDRIVE\COURS\GéNIE INFO\PROG\06 07\DUPIAS-FAVRET - JEU VIDEO\DUPIAS-FAVRET - JEU VIDEO\DEBUG\MAP.OBJ
D:\SkyDrive\Cours\Génie info\prog\06 07\Dupias-Favret - Jeu video\Dupias-Favret - Jeu video\Debug\mt.command.1.tlog
D:\SkyDrive\Cours\Génie info\prog\06 07\Dupias-Favret - Jeu video\Dupias-Favret - Jeu video\Debug\mt.read.1.tlog
D:\SkyDrive\Cours\Génie info\prog\06 07\Dupias-Favret - Jeu video\Dupias-Favret - Jeu video\Debug\mt.write.1.tlog
D:\SKYDRIVE\COURS\GéNIE INFO\PROG\06 07\DUPIAS-FAVRET - JEU VIDEO\DUPIAS-FAVRET - JEU VIDEO\DEBUG\PERSO.OBJ
D:\SkyDrive\Cours\Génie info\prog\06 07\Dupias-Favret - Jeu video\Dupias-Favret - Jeu video\Debug\prog2.obj
D:\SKYDRIVE\COURS\GéNIE INFO\PROG\06 07\DUPIAS-FAVRET - JEU VIDEO\DUPIAS-FAVRET - JEU VIDEO\DEBUG\TIMER.OBJ
D:\SkyDrive\Cours\Génie info\prog\06 07\Dupias-Favret - Jeu video\Dupias-Favret - Jeu video\Debug\vc100.idb
D:\SKYDRIVE\COURS\GÉNIE INFO\PROG\06 07\DUPIAS-FAVRET - JEU VIDEO\DUPIAS-FAVRET - JEU VIDEO\DEBUG\VC100.PDB
D:\SKYDRIVE\COURS\GéNIE INFO\PROG\2-06\DUPIAS-FAVRET - JEU VIDEO\DEBUG\DUPIAS-FAVRET - JEU VIDEO.EXE
D:\SKYDRIVE\COURS\GéNIE INFO\PROG\2-06\DUPIAS-FAVRET - JEU VIDEO\DEBUG\DUPIAS-FAVRET - JEU VIDEO.ILK
D:\SKYDRIVE\COURS\GÉNIE INFO\PROG\2-06\DUPIAS-FAVRET - JEU VIDEO\DEBUG\DUPIAS-FAVRET - JEU VIDEO.PDB
D:\SKYDRIVE\COURS\GéNIE INFO\PROG\2-06\DUPIAS-FAVRET - JEU VIDEO\DUPIAS-FAVRET - JEU VIDEO\DEBUG\DUPIAS-FAVRET - JEU VIDEO.EXE.INTERMEDIATE.MANIFEST
D:\SKYDRIVE\COURS\GéNIE INFO\PROG\2-06\DUPIAS-FAVRET - JEU VIDEO\DUPIAS-FAVRET - JEU VIDEO\DEBUG\FMAP.OBJ
D:\SKYDRIVE\COURS\GéNIE INFO\PROG\2-06\DUPIAS-FAVRET - JEU VIDEO\DUPIAS-FAVRET - JEU VIDEO\DEBUG\GLOBAL.OBJ
D:\SKYDRIVE\COURS\GéNIE INFO\PROG\2-06\DUPIAS-FAVRET - JEU VIDEO\DUPIAS-FAVRET - JEU VIDEO\DEBUG\MAIN.OBJ
D:\SKYDRIVE\COURS\GéNIE INFO\PROG\2-06\DUPIAS-FAVRET - JEU VIDEO\DUPIAS-FAVRET - JEU VIDEO\DEBUG\MAP.OBJ
D:\SKYDRIVE\COURS\GéNIE INFO\PROG\2-06\DUPIAS-FAVRET - JEU VIDEO\DUPIAS-FAVRET - JEU VIDEO\DEBUG\PERSO.OBJ
D:\SKYDRIVE\COURS\GéNIE INFO\PROG\2-06\DUPIAS-FAVRET - JEU VIDEO\DUPIAS-FAVRET - JEU VIDEO\DEBUG\PROG2.OBJ
D:\SKYDRIVE\COURS\GéNIE INFO\PROG\2-06\DUPIAS-FAVRET - JEU VIDEO\DUPIAS-FAVRET - JEU VIDEO\DEBUG\TIMER.OBJ
D:\SKYDRIVE\COURS\GÉNIE INFO\PROG\2-06\DUPIAS-FAVRET - JEU VIDEO\DUPIAS-FAVRET - JEU VIDEO\DEBUG\VC100.PDB
D:\SKYDRIVE\COURS\GéNIE INFO\PROG\DUPIAS-FAVRET - JEU VIDEO\DEBUG\DUPIAS-FAVRET - JEU VIDEO.EXE
D:\SKYDRIVE\COURS\GéNIE INFO\PROG\DUPIAS-FAVRET - JEU VIDEO\DEBUG\DUPIAS-FAVRET - JEU VIDEO.ILK
D:\SKYDRIVE\COURS\GÉNIE INFO\PROG\DUPIAS-FAVRET - JEU VIDEO\DEBUG\DUPIAS-FAVRET - JEU VIDEO.PDB
D:\SKYDRIVE\COURS\GéNIE INFO\PROG\DUPIAS-FAVRET - JEU VIDEO\DUPIAS-FAVRET - JEU VIDEO\DEBUG\DUPIAS-FAVRET - JEU VIDEO.EXE.INTERMEDIATE.MANIFEST
D:\SKYDRIVE\COURS\GéNIE INFO\PROG\DUPIAS-FAVRET - JEU VIDEO\DUPIAS-FAVRET - JEU VIDEO\DEBUG\MAIN.OBJ
D:\SKYDRIVE\COURS\GéNIE INFO\PROG\DUPIAS-FAVRET - JEU VIDEO\DUPIAS-FAVRET - JEU VIDEO\DEBUG\PERSO.OBJ
D:\SKYDRIVE\COURS\GÉNIE INFO\PROG\DUPIAS-FAVRET - JEU VIDEO\DUPIAS-FAVRET - JEU VIDEO\DEBUG\VC100.PDB
